<?xml version="1.0" encoding="UTF-8"?>
<!-- Generated by org.testng.reporters.JUnitReportReporter -->
<testsuite hostname="Vikas-Prabhakaran" failures="0" tests="7" name="dailyGrub.testCases.loginTestCase" time="26.325" errors="0" timestamp="2025-02-21T11:25:14 IST" skipped="0">
  <testcase classname="dailyGrub.testCases.loginTestCase" name="logo" time="0.059"/>
  <testcase classname="dailyGrub.testCases.loginTestCase" name="invalidCredentials" time="5.101"/>
  <testcase classname="dailyGrub.testCases.loginTestCase" name="ShowPasswordToggle" time="3.544"/>
  <testcase classname="dailyGrub.testCases.loginTestCase" name="ForgotPwdPage" time="0.107"/>
  <testcase classname="dailyGrub.testCases.loginTestCase" name="EnterInvalidMailIDforResetPwd" time="1.252"/>
  <testcase classname="dailyGrub.testCases.loginTestCase" name="SendMailNotificationforRecoverPwd" time="7.807"/>
  <testcase classname="dailyGrub.testCases.loginTestCase" name="Login" time="8.455"/>
</testsuite> <!-- dailyGrub.testCases.loginTestCase -->
